  Bubble.cpp
D:\C++\Code\TestCplusplus\BubbleShooterGame\BubbleShooterGame\General.h(47,3): warning C4091: 'typedef ': ignored on left of 'CHARACTER' when no variable is declared
D:\C++\Code\TestCplusplus\BubbleShooterGame\BubbleShooterGame\General.h(53,3): warning C4091: 'typedef ': ignored on left of 'MODE' when no variable is declared
D:\C++\Code\TestCplusplus\BubbleShooterGame\BubbleShooterGame\General.h(59,3): warning C4091: 'typedef ': ignored on left of 'PLAYMODE' when no variable is declared
D:\C++\Code\TestCplusplus\BubbleShooterGame\BubbleShooterGame\General.h(66,3): warning C4091: 'typedef ': ignored on left of 'COLOR' when no variable is declared
  GameInterface.cpp
D:\C++\Code\TestCplusplus\BubbleShooterGame\BubbleShooterGame\General.h(47,3): warning C4091: 'typedef ': ignored on left of 'CHARACTER' when no variable is declared
D:\C++\Code\TestCplusplus\BubbleShooterGame\BubbleShooterGame\General.h(53,3): warning C4091: 'typedef ': ignored on left of 'MODE' when no variable is declared
D:\C++\Code\TestCplusplus\BubbleShooterGame\BubbleShooterGame\General.h(59,3): warning C4091: 'typedef ': ignored on left of 'PLAYMODE' when no variable is declared
D:\C++\Code\TestCplusplus\BubbleShooterGame\BubbleShooterGame\General.h(66,3): warning C4091: 'typedef ': ignored on left of 'COLOR' when no variable is declared
  Main.cpp
D:\C++\Code\TestCplusplus\BubbleShooterGame\BubbleShooterGame\General.h(47,3): warning C4091: 'typedef ': ignored on left of 'CHARACTER' when no variable is declared
D:\C++\Code\TestCplusplus\BubbleShooterGame\BubbleShooterGame\General.h(53,3): warning C4091: 'typedef ': ignored on left of 'MODE' when no variable is declared
D:\C++\Code\TestCplusplus\BubbleShooterGame\BubbleShooterGame\General.h(59,3): warning C4091: 'typedef ': ignored on left of 'PLAYMODE' when no variable is declared
D:\C++\Code\TestCplusplus\BubbleShooterGame\BubbleShooterGame\General.h(66,3): warning C4091: 'typedef ': ignored on left of 'COLOR' when no variable is declared
  Shooter.cpp
D:\C++\Code\TestCplusplus\BubbleShooterGame\BubbleShooterGame\General.h(47,3): warning C4091: 'typedef ': ignored on left of 'CHARACTER' when no variable is declared
D:\C++\Code\TestCplusplus\BubbleShooterGame\BubbleShooterGame\General.h(53,3): warning C4091: 'typedef ': ignored on left of 'MODE' when no variable is declared
D:\C++\Code\TestCplusplus\BubbleShooterGame\BubbleShooterGame\General.h(59,3): warning C4091: 'typedef ': ignored on left of 'PLAYMODE' when no variable is declared
D:\C++\Code\TestCplusplus\BubbleShooterGame\BubbleShooterGame\General.h(66,3): warning C4091: 'typedef ': ignored on left of 'COLOR' when no variable is declared
  Generating code
  3 of 200 functions ( 1.5%) were compiled, the rest were copied from previous compilation.
    0 functions were new in current compilation
    1 functions had inline decision re-evaluated but remain unchanged
  Finished generating code
  BubbleShooterGame.vcxproj -> D:\C++\Code\TestCplusplus\BubbleShooterGame\Release\BubbleShooterGame.exe
