d:\c++\code\testcplusplus\bubbleshootergame\bubbleshootergame\x64\debug\vc143.pdb
d:\c++\code\testcplusplus\bubbleshootergame\bubbleshootergame\x64\debug\vc143.idb
d:\c++\code\testcplusplus\bubbleshootergame\bubbleshootergame\x64\debug\line.obj
d:\c++\code\testcplusplus\bubbleshootergame\bubbleshootergame\x64\debug\source.obj
d:\c++\code\testcplusplus\bubbleshootergame\bubbleshootergame\x64\debug\gameinterface.obj
d:\c++\code\testcplusplus\bubbleshootergame\bubbleshootergame\x64\debug\main.obj
d:\c++\code\testcplusplus\bubbleshootergame\bubbleshootergame\x64\debug\bubble.obj
d:\c++\code\testcplusplus\bubbleshootergame\bubbleshootergame\x64\debug\point.obj
d:\c++\code\testcplusplus\bubbleshootergame\bubbleshootergame\x64\debug\shooter.obj
d:\c++\code\testcplusplus\bubbleshootergame\x64\debug\bubbleshootergame.pdb
d:\c++\code\testcplusplus\bubbleshootergame\bubbleshootergame\x64\debug\bubblesh.7c0132d3.tlog\cl.command.1.tlog
d:\c++\code\testcplusplus\bubbleshootergame\bubbleshootergame\x64\debug\bubblesh.7c0132d3.tlog\cl.read.1.tlog
d:\c++\code\testcplusplus\bubbleshootergame\bubbleshootergame\x64\debug\bubblesh.7c0132d3.tlog\cl.write.1.tlog
d:\c++\code\testcplusplus\bubbleshootergame\bubbleshootergame\x64\debug\bubblesh.7c0132d3.tlog\link.19640-cvtres.read.1.tlog
d:\c++\code\testcplusplus\bubbleshootergame\bubbleshootergame\x64\debug\bubblesh.7c0132d3.tlog\link.19640-cvtres.write.1.tlog
d:\c++\code\testcplusplus\bubbleshootergame\bubbleshootergame\x64\debug\bubblesh.7c0132d3.tlog\link.19640-rc.read.1.tlog
d:\c++\code\testcplusplus\bubbleshootergame\bubbleshootergame\x64\debug\bubblesh.7c0132d3.tlog\link.19640-rc.write.1.tlog
d:\c++\code\testcplusplus\bubbleshootergame\bubbleshootergame\x64\debug\bubblesh.7c0132d3.tlog\link.19640.read.1.tlog
d:\c++\code\testcplusplus\bubbleshootergame\bubbleshootergame\x64\debug\bubblesh.7c0132d3.tlog\link.19640.read.2.tlog
d:\c++\code\testcplusplus\bubbleshootergame\bubbleshootergame\x64\debug\bubblesh.7c0132d3.tlog\link.19640.write.1.tlog
d:\c++\code\testcplusplus\bubbleshootergame\bubbleshootergame\x64\debug\bubblesh.7c0132d3.tlog\link.command.1.tlog
d:\c++\code\testcplusplus\bubbleshootergame\bubbleshootergame\x64\debug\bubblesh.7c0132d3.tlog\link.read.1.tlog
d:\c++\code\testcplusplus\bubbleshootergame\bubbleshootergame\x64\debug\bubblesh.7c0132d3.tlog\link.write.1.tlog
