  Bubble.cpp
D:\C++\Code\TestCplusplus\BubbleShooterGame\BubbleShooterGame\General.h(37,3): warning C4091: 'typedef ': ignored on left of 'CHARACTER' when no variable is declared
D:\C++\Code\TestCplusplus\BubbleShooterGame\BubbleShooterGame\General.h(46,3): warning C4091: 'typedef ': ignored on left of 'COLOR' when no variable is declared
  GameInterface.cpp
D:\C++\Code\TestCplusplus\BubbleShooterGame\BubbleShooterGame\General.h(37,3): warning C4091: 'typedef ': ignored on left of 'CHARACTER' when no variable is declared
D:\C++\Code\TestCplusplus\BubbleShooterGame\BubbleShooterGame\General.h(46,3): warning C4091: 'typedef ': ignored on left of 'COLOR' when no variable is declared
  Main.cpp
D:\C++\Code\TestCplusplus\BubbleShooterGame\BubbleShooterGame\General.h(37,3): warning C4091: 'typedef ': ignored on left of 'CHARACTER' when no variable is declared
D:\C++\Code\TestCplusplus\BubbleShooterGame\BubbleShooterGame\General.h(46,3): warning C4091: 'typedef ': ignored on left of 'COLOR' when no variable is declared
  Point.cpp
D:\C++\Code\TestCplusplus\BubbleShooterGame\BubbleShooterGame\General.h(37,3): warning C4091: 'typedef ': ignored on left of 'CHARACTER' when no variable is declared
D:\C++\Code\TestCplusplus\BubbleShooterGame\BubbleShooterGame\General.h(46,3): warning C4091: 'typedef ': ignored on left of 'COLOR' when no variable is declared
D:\C++\Code\TestCplusplus\BubbleShooterGame\BubbleShooterGame\mylib.h(31,26): warning C4838: conversion from 'int' to 'SHORT' requires a narrowing conversion
D:\C++\Code\TestCplusplus\BubbleShooterGame\BubbleShooterGame\mylib.h(31,29): warning C4838: conversion from 'int' to 'SHORT' requires a narrowing conversion
D:\C++\Code\TestCplusplus\BubbleShooterGame\BubbleShooterGame\Point.cpp(84,13): warning C4244: 'return': conversion from 'double' to 'float', possible loss of data
  Shooter.cpp
D:\C++\Code\TestCplusplus\BubbleShooterGame\BubbleShooterGame\General.h(37,3): warning C4091: 'typedef ': ignored on left of 'CHARACTER' when no variable is declared
D:\C++\Code\TestCplusplus\BubbleShooterGame\BubbleShooterGame\General.h(46,3): warning C4091: 'typedef ': ignored on left of 'COLOR' when no variable is declared
  Generating code
  33 of 157 functions (21.0%) were compiled, the rest were copied from previous compilation.
    0 functions were new in current compilation
    8 functions had inline decision re-evaluated but remain unchanged
  Finished generating code
  BubbleShooterGame.vcxproj -> D:\C++\Code\TestCplusplus\BubbleShooterGame\x64\Release\BubbleShooterGame.exe
